<?xml version="1.0" encoding="UTF-8"?>
<!-- Generated by org.testng.reporters.JUnitReportReporter -->
<testsuite hostname="DESKTOP-0OU3DQS" failures="0" tests="1" name="a.AdditionTest" time="9.514" errors="0" timestamp="2021-08-08T15:59:36 GMT-12:00" skipped="0">
  <testcase classname="a.AdditionTest" name="Addition" time="9.514"/>
  <system-out/>
</testsuite> <!-- a.AdditionTest -->
